[2025-07-09T12:04:59.986+0000] {processor.py:161} INFO - Started process (PID=168) to work on /opt/airflow/dags/etl_migration_dag.py
[2025-07-09T12:04:59.988+0000] {processor.py:830} INFO - Processing file /opt/airflow/dags/etl_migration_dag.py for tasks to queue
[2025-07-09T12:04:59.991+0000] {logging_mixin.py:188} INFO - [2025-07-09T12:04:59.991+0000] {dagbag.py:545} INFO - Filling up the DagBag from /opt/airflow/dags/etl_migration_dag.py
[2025-07-09T12:05:00.048+0000] {processor.py:840} INFO - DAG(s) 'etl_migration_pipeline' retrieved from /opt/airflow/dags/etl_migration_dag.py
[2025-07-09T12:05:00.335+0000] {logging_mixin.py:188} INFO - [2025-07-09T12:05:00.335+0000] {override.py:1829} INFO - Created Permission View: can edit on DAG:etl_migration_pipeline
[2025-07-09T12:05:00.350+0000] {logging_mixin.py:188} INFO - [2025-07-09T12:05:00.349+0000] {override.py:1829} INFO - Created Permission View: can read on DAG:etl_migration_pipeline
[2025-07-09T12:05:00.362+0000] {logging_mixin.py:188} INFO - [2025-07-09T12:05:00.361+0000] {override.py:1829} INFO - Created Permission View: can delete on DAG:etl_migration_pipeline
[2025-07-09T12:05:00.363+0000] {logging_mixin.py:188} INFO - [2025-07-09T12:05:00.363+0000] {dag.py:3096} INFO - Sync 1 DAGs
[2025-07-09T12:05:00.380+0000] {logging_mixin.py:188} INFO - [2025-07-09T12:05:00.380+0000] {dag.py:3118} INFO - Creating ORM DAG for etl_migration_pipeline
[2025-07-09T12:05:00.395+0000] {logging_mixin.py:188} INFO - [2025-07-09T12:05:00.394+0000] {dag.py:3954} INFO - Setting next_dagrun for etl_migration_pipeline to 2025-06-27 12:00:00+00:00, run_after=2025-07-04 12:00:00+00:00
[2025-07-09T12:05:00.428+0000] {processor.py:183} INFO - Processing /opt/airflow/dags/etl_migration_dag.py took 0.450 seconds
[2025-07-09T12:05:30.772+0000] {processor.py:161} INFO - Started process (PID=173) to work on /opt/airflow/dags/etl_migration_dag.py
[2025-07-09T12:05:30.774+0000] {processor.py:830} INFO - Processing file /opt/airflow/dags/etl_migration_dag.py for tasks to queue
[2025-07-09T12:05:30.778+0000] {logging_mixin.py:188} INFO - [2025-07-09T12:05:30.778+0000] {dagbag.py:545} INFO - Filling up the DagBag from /opt/airflow/dags/etl_migration_dag.py
[2025-07-09T12:05:30.834+0000] {processor.py:840} INFO - DAG(s) 'etl_migration_pipeline' retrieved from /opt/airflow/dags/etl_migration_dag.py
[2025-07-09T12:05:30.856+0000] {logging_mixin.py:188} INFO - [2025-07-09T12:05:30.856+0000] {dag.py:3096} INFO - Sync 1 DAGs
[2025-07-09T12:05:30.874+0000] {logging_mixin.py:188} INFO - [2025-07-09T12:05:30.873+0000] {dag.py:3954} INFO - Setting next_dagrun for etl_migration_pipeline to 2025-06-27 12:00:00+00:00, run_after=2025-07-04 12:00:00+00:00
[2025-07-09T12:05:30.895+0000] {processor.py:183} INFO - Processing /opt/airflow/dags/etl_migration_dag.py took 0.134 seconds
[2025-07-09T12:06:01.069+0000] {processor.py:161} INFO - Started process (PID=206) to work on /opt/airflow/dags/etl_migration_dag.py
[2025-07-09T12:06:01.070+0000] {processor.py:830} INFO - Processing file /opt/airflow/dags/etl_migration_dag.py for tasks to queue
[2025-07-09T12:06:01.073+0000] {logging_mixin.py:188} INFO - [2025-07-09T12:06:01.073+0000] {dagbag.py:545} INFO - Filling up the DagBag from /opt/airflow/dags/etl_migration_dag.py
[2025-07-09T12:06:01.118+0000] {processor.py:840} INFO - DAG(s) 'etl_migration_pipeline' retrieved from /opt/airflow/dags/etl_migration_dag.py
[2025-07-09T12:06:01.144+0000] {logging_mixin.py:188} INFO - [2025-07-09T12:06:01.144+0000] {dag.py:3096} INFO - Sync 1 DAGs
[2025-07-09T12:06:01.170+0000] {logging_mixin.py:188} INFO - [2025-07-09T12:06:01.170+0000] {dag.py:3954} INFO - Setting next_dagrun for etl_migration_pipeline to 2025-07-04 12:00:00+00:00, run_after=2025-07-11 12:00:00+00:00
[2025-07-09T12:06:01.198+0000] {processor.py:183} INFO - Processing /opt/airflow/dags/etl_migration_dag.py took 0.139 seconds
[2025-07-09T12:06:31.553+0000] {processor.py:161} INFO - Started process (PID=219) to work on /opt/airflow/dags/etl_migration_dag.py
[2025-07-09T12:06:31.556+0000] {processor.py:830} INFO - Processing file /opt/airflow/dags/etl_migration_dag.py for tasks to queue
[2025-07-09T12:06:31.560+0000] {logging_mixin.py:188} INFO - [2025-07-09T12:06:31.559+0000] {dagbag.py:545} INFO - Filling up the DagBag from /opt/airflow/dags/etl_migration_dag.py
[2025-07-09T12:06:31.626+0000] {processor.py:840} INFO - DAG(s) 'etl_migration_pipeline' retrieved from /opt/airflow/dags/etl_migration_dag.py
[2025-07-09T12:06:31.670+0000] {logging_mixin.py:188} INFO - [2025-07-09T12:06:31.670+0000] {dag.py:3096} INFO - Sync 1 DAGs
[2025-07-09T12:06:31.708+0000] {logging_mixin.py:188} INFO - [2025-07-09T12:06:31.707+0000] {dag.py:3954} INFO - Setting next_dagrun for etl_migration_pipeline to 2025-07-04 12:00:00+00:00, run_after=2025-07-11 12:00:00+00:00
[2025-07-09T12:06:31.753+0000] {processor.py:183} INFO - Processing /opt/airflow/dags/etl_migration_dag.py took 0.211 seconds
[2025-07-09T12:07:01.851+0000] {processor.py:161} INFO - Started process (PID=224) to work on /opt/airflow/dags/etl_migration_dag.py
[2025-07-09T12:07:01.852+0000] {processor.py:830} INFO - Processing file /opt/airflow/dags/etl_migration_dag.py for tasks to queue
[2025-07-09T12:07:01.855+0000] {logging_mixin.py:188} INFO - [2025-07-09T12:07:01.854+0000] {dagbag.py:545} INFO - Filling up the DagBag from /opt/airflow/dags/etl_migration_dag.py
[2025-07-09T12:07:01.880+0000] {processor.py:840} INFO - DAG(s) 'etl_migration_pipeline' retrieved from /opt/airflow/dags/etl_migration_dag.py
[2025-07-09T12:07:01.906+0000] {logging_mixin.py:188} INFO - [2025-07-09T12:07:01.906+0000] {dag.py:3096} INFO - Sync 1 DAGs
[2025-07-09T12:07:01.923+0000] {logging_mixin.py:188} INFO - [2025-07-09T12:07:01.923+0000] {dag.py:3954} INFO - Setting next_dagrun for etl_migration_pipeline to 2025-07-04 12:00:00+00:00, run_after=2025-07-11 12:00:00+00:00
[2025-07-09T12:07:01.936+0000] {processor.py:183} INFO - Processing /opt/airflow/dags/etl_migration_dag.py took 0.093 seconds
[2025-07-09T12:07:32.202+0000] {processor.py:161} INFO - Started process (PID=229) to work on /opt/airflow/dags/etl_migration_dag.py
[2025-07-09T12:07:32.204+0000] {processor.py:830} INFO - Processing file /opt/airflow/dags/etl_migration_dag.py for tasks to queue
[2025-07-09T12:07:32.206+0000] {logging_mixin.py:188} INFO - [2025-07-09T12:07:32.206+0000] {dagbag.py:545} INFO - Filling up the DagBag from /opt/airflow/dags/etl_migration_dag.py
[2025-07-09T12:07:32.261+0000] {processor.py:840} INFO - DAG(s) 'etl_migration_pipeline' retrieved from /opt/airflow/dags/etl_migration_dag.py
[2025-07-09T12:07:32.290+0000] {logging_mixin.py:188} INFO - [2025-07-09T12:07:32.289+0000] {dag.py:3096} INFO - Sync 1 DAGs
[2025-07-09T12:07:32.313+0000] {logging_mixin.py:188} INFO - [2025-07-09T12:07:32.312+0000] {dag.py:3954} INFO - Setting next_dagrun for etl_migration_pipeline to 2025-07-04 12:00:00+00:00, run_after=2025-07-11 12:00:00+00:00
[2025-07-09T12:07:32.345+0000] {processor.py:183} INFO - Processing /opt/airflow/dags/etl_migration_dag.py took 0.153 seconds
[2025-07-09T12:08:02.569+0000] {processor.py:161} INFO - Started process (PID=234) to work on /opt/airflow/dags/etl_migration_dag.py
[2025-07-09T12:08:02.570+0000] {processor.py:830} INFO - Processing file /opt/airflow/dags/etl_migration_dag.py for tasks to queue
[2025-07-09T12:08:02.573+0000] {logging_mixin.py:188} INFO - [2025-07-09T12:08:02.572+0000] {dagbag.py:545} INFO - Filling up the DagBag from /opt/airflow/dags/etl_migration_dag.py
[2025-07-09T12:08:02.616+0000] {processor.py:840} INFO - DAG(s) 'etl_migration_pipeline' retrieved from /opt/airflow/dags/etl_migration_dag.py
[2025-07-09T12:08:02.645+0000] {logging_mixin.py:188} INFO - [2025-07-09T12:08:02.644+0000] {dag.py:3096} INFO - Sync 1 DAGs
[2025-07-09T12:08:02.671+0000] {logging_mixin.py:188} INFO - [2025-07-09T12:08:02.671+0000] {dag.py:3954} INFO - Setting next_dagrun for etl_migration_pipeline to 2025-07-04 12:00:00+00:00, run_after=2025-07-11 12:00:00+00:00
[2025-07-09T12:08:02.708+0000] {processor.py:183} INFO - Processing /opt/airflow/dags/etl_migration_dag.py took 0.147 seconds
[2025-07-09T12:08:32.980+0000] {processor.py:161} INFO - Started process (PID=239) to work on /opt/airflow/dags/etl_migration_dag.py
[2025-07-09T12:08:32.982+0000] {processor.py:830} INFO - Processing file /opt/airflow/dags/etl_migration_dag.py for tasks to queue
[2025-07-09T12:08:32.986+0000] {logging_mixin.py:188} INFO - [2025-07-09T12:08:32.986+0000] {dagbag.py:545} INFO - Filling up the DagBag from /opt/airflow/dags/etl_migration_dag.py
[2025-07-09T12:08:33.032+0000] {processor.py:840} INFO - DAG(s) 'etl_migration_pipeline' retrieved from /opt/airflow/dags/etl_migration_dag.py
[2025-07-09T12:08:33.067+0000] {logging_mixin.py:188} INFO - [2025-07-09T12:08:33.067+0000] {dag.py:3096} INFO - Sync 1 DAGs
[2025-07-09T12:08:33.097+0000] {logging_mixin.py:188} INFO - [2025-07-09T12:08:33.096+0000] {dag.py:3954} INFO - Setting next_dagrun for etl_migration_pipeline to 2025-07-04 12:00:00+00:00, run_after=2025-07-11 12:00:00+00:00
[2025-07-09T12:08:33.134+0000] {processor.py:183} INFO - Processing /opt/airflow/dags/etl_migration_dag.py took 0.163 seconds
[2025-07-09T12:09:03.374+0000] {processor.py:161} INFO - Started process (PID=244) to work on /opt/airflow/dags/etl_migration_dag.py
[2025-07-09T12:09:03.376+0000] {processor.py:830} INFO - Processing file /opt/airflow/dags/etl_migration_dag.py for tasks to queue
[2025-07-09T12:09:03.379+0000] {logging_mixin.py:188} INFO - [2025-07-09T12:09:03.378+0000] {dagbag.py:545} INFO - Filling up the DagBag from /opt/airflow/dags/etl_migration_dag.py
[2025-07-09T12:09:03.453+0000] {processor.py:840} INFO - DAG(s) 'etl_migration_pipeline' retrieved from /opt/airflow/dags/etl_migration_dag.py
[2025-07-09T12:09:03.491+0000] {logging_mixin.py:188} INFO - [2025-07-09T12:09:03.491+0000] {dag.py:3096} INFO - Sync 1 DAGs
[2025-07-09T12:09:03.515+0000] {logging_mixin.py:188} INFO - [2025-07-09T12:09:03.515+0000] {dag.py:3954} INFO - Setting next_dagrun for etl_migration_pipeline to 2025-07-04 12:00:00+00:00, run_after=2025-07-11 12:00:00+00:00
[2025-07-09T12:09:03.538+0000] {processor.py:183} INFO - Processing /opt/airflow/dags/etl_migration_dag.py took 0.174 seconds
[2025-07-09T12:09:33.739+0000] {processor.py:161} INFO - Started process (PID=249) to work on /opt/airflow/dags/etl_migration_dag.py
[2025-07-09T12:09:33.740+0000] {processor.py:830} INFO - Processing file /opt/airflow/dags/etl_migration_dag.py for tasks to queue
[2025-07-09T12:09:33.742+0000] {logging_mixin.py:188} INFO - [2025-07-09T12:09:33.742+0000] {dagbag.py:545} INFO - Filling up the DagBag from /opt/airflow/dags/etl_migration_dag.py
[2025-07-09T12:09:33.781+0000] {processor.py:840} INFO - DAG(s) 'etl_migration_pipeline' retrieved from /opt/airflow/dags/etl_migration_dag.py
[2025-07-09T12:09:33.801+0000] {logging_mixin.py:188} INFO - [2025-07-09T12:09:33.801+0000] {dag.py:3096} INFO - Sync 1 DAGs
[2025-07-09T12:09:33.818+0000] {logging_mixin.py:188} INFO - [2025-07-09T12:09:33.818+0000] {dag.py:3954} INFO - Setting next_dagrun for etl_migration_pipeline to 2025-07-04 12:00:00+00:00, run_after=2025-07-11 12:00:00+00:00
[2025-07-09T12:09:33.838+0000] {processor.py:183} INFO - Processing /opt/airflow/dags/etl_migration_dag.py took 0.106 seconds
[2025-07-09T12:10:04.245+0000] {processor.py:161} INFO - Started process (PID=254) to work on /opt/airflow/dags/etl_migration_dag.py
[2025-07-09T12:10:04.247+0000] {processor.py:830} INFO - Processing file /opt/airflow/dags/etl_migration_dag.py for tasks to queue
[2025-07-09T12:10:04.251+0000] {logging_mixin.py:188} INFO - [2025-07-09T12:10:04.250+0000] {dagbag.py:545} INFO - Filling up the DagBag from /opt/airflow/dags/etl_migration_dag.py
[2025-07-09T12:10:04.303+0000] {processor.py:840} INFO - DAG(s) 'etl_migration_pipeline' retrieved from /opt/airflow/dags/etl_migration_dag.py
[2025-07-09T12:10:04.339+0000] {logging_mixin.py:188} INFO - [2025-07-09T12:10:04.339+0000] {dag.py:3096} INFO - Sync 1 DAGs
[2025-07-09T12:10:04.371+0000] {logging_mixin.py:188} INFO - [2025-07-09T12:10:04.371+0000] {dag.py:3954} INFO - Setting next_dagrun for etl_migration_pipeline to 2025-07-04 12:00:00+00:00, run_after=2025-07-11 12:00:00+00:00
[2025-07-09T12:10:04.405+0000] {processor.py:183} INFO - Processing /opt/airflow/dags/etl_migration_dag.py took 0.168 seconds
[2025-07-09T12:10:34.502+0000] {processor.py:161} INFO - Started process (PID=259) to work on /opt/airflow/dags/etl_migration_dag.py
[2025-07-09T12:10:34.503+0000] {processor.py:830} INFO - Processing file /opt/airflow/dags/etl_migration_dag.py for tasks to queue
[2025-07-09T12:10:34.505+0000] {logging_mixin.py:188} INFO - [2025-07-09T12:10:34.505+0000] {dagbag.py:545} INFO - Filling up the DagBag from /opt/airflow/dags/etl_migration_dag.py
[2025-07-09T12:10:34.533+0000] {processor.py:840} INFO - DAG(s) 'etl_migration_pipeline' retrieved from /opt/airflow/dags/etl_migration_dag.py
[2025-07-09T12:10:34.579+0000] {logging_mixin.py:188} INFO - [2025-07-09T12:10:34.578+0000] {dag.py:3096} INFO - Sync 1 DAGs
[2025-07-09T12:10:34.676+0000] {logging_mixin.py:188} INFO - [2025-07-09T12:10:34.676+0000] {dag.py:3954} INFO - Setting next_dagrun for etl_migration_pipeline to 2025-07-04 12:00:00+00:00, run_after=2025-07-11 12:00:00+00:00
[2025-07-09T12:10:34.706+0000] {processor.py:183} INFO - Processing /opt/airflow/dags/etl_migration_dag.py took 0.210 seconds
[2025-07-09T12:11:01.084+0000] {processor.py:161} INFO - Started process (PID=264) to work on /opt/airflow/dags/etl_migration_dag.py
[2025-07-09T12:11:01.086+0000] {processor.py:830} INFO - Processing file /opt/airflow/dags/etl_migration_dag.py for tasks to queue
[2025-07-09T12:11:01.089+0000] {logging_mixin.py:188} INFO - [2025-07-09T12:11:01.088+0000] {dagbag.py:545} INFO - Filling up the DagBag from /opt/airflow/dags/etl_migration_dag.py
[2025-07-09T12:11:01.146+0000] {processor.py:840} INFO - DAG(s) 'etl_migration_pipeline_v2' retrieved from /opt/airflow/dags/etl_migration_dag.py
[2025-07-09T12:11:01.264+0000] {logging_mixin.py:188} INFO - [2025-07-09T12:11:01.263+0000] {override.py:1829} INFO - Created Permission View: can edit on DAG:etl_migration_pipeline_v2
[2025-07-09T12:11:01.278+0000] {logging_mixin.py:188} INFO - [2025-07-09T12:11:01.278+0000] {override.py:1829} INFO - Created Permission View: can read on DAG:etl_migration_pipeline_v2
[2025-07-09T12:11:01.289+0000] {logging_mixin.py:188} INFO - [2025-07-09T12:11:01.288+0000] {override.py:1829} INFO - Created Permission View: can delete on DAG:etl_migration_pipeline_v2
[2025-07-09T12:11:01.290+0000] {logging_mixin.py:188} INFO - [2025-07-09T12:11:01.290+0000] {dag.py:3096} INFO - Sync 1 DAGs
[2025-07-09T12:11:01.303+0000] {logging_mixin.py:188} INFO - [2025-07-09T12:11:01.303+0000] {dag.py:3118} INFO - Creating ORM DAG for etl_migration_pipeline_v2
[2025-07-09T12:11:01.316+0000] {logging_mixin.py:188} INFO - [2025-07-09T12:11:01.316+0000] {dag.py:3954} INFO - Setting next_dagrun for etl_migration_pipeline_v2 to 2025-06-27 12:00:00+00:00, run_after=2025-07-04 12:00:00+00:00
[2025-07-09T12:11:01.344+0000] {processor.py:183} INFO - Processing /opt/airflow/dags/etl_migration_dag.py took 0.267 seconds
[2025-07-09T12:11:05.585+0000] {processor.py:161} INFO - Started process (PID=270) to work on /opt/airflow/dags/etl_migration_dag.py
[2025-07-09T12:11:05.591+0000] {processor.py:830} INFO - Processing file /opt/airflow/dags/etl_migration_dag.py for tasks to queue
[2025-07-09T12:11:05.594+0000] {logging_mixin.py:188} INFO - [2025-07-09T12:11:05.594+0000] {dagbag.py:545} INFO - Filling up the DagBag from /opt/airflow/dags/etl_migration_dag.py
[2025-07-09T12:11:05.743+0000] {processor.py:840} INFO - DAG(s) 'etl_migration_pipeline_v2' retrieved from /opt/airflow/dags/etl_migration_dag.py
[2025-07-09T12:11:05.768+0000] {logging_mixin.py:188} INFO - [2025-07-09T12:11:05.768+0000] {dag.py:3096} INFO - Sync 1 DAGs
[2025-07-09T12:11:05.812+0000] {logging_mixin.py:188} INFO - [2025-07-09T12:11:05.812+0000] {dag.py:3954} INFO - Setting next_dagrun for etl_migration_pipeline_v2 to 2025-06-27 12:00:00+00:00, run_after=2025-07-04 12:00:00+00:00
[2025-07-09T12:11:05.866+0000] {processor.py:183} INFO - Processing /opt/airflow/dags/etl_migration_dag.py took 0.285 seconds
[2025-07-09T12:11:36.248+0000] {processor.py:161} INFO - Started process (PID=275) to work on /opt/airflow/dags/etl_migration_dag.py
[2025-07-09T12:11:36.250+0000] {processor.py:830} INFO - Processing file /opt/airflow/dags/etl_migration_dag.py for tasks to queue
[2025-07-09T12:11:36.254+0000] {logging_mixin.py:188} INFO - [2025-07-09T12:11:36.254+0000] {dagbag.py:545} INFO - Filling up the DagBag from /opt/airflow/dags/etl_migration_dag.py
[2025-07-09T12:11:36.300+0000] {processor.py:840} INFO - DAG(s) 'etl_migration_pipeline_v2' retrieved from /opt/airflow/dags/etl_migration_dag.py
[2025-07-09T12:11:36.337+0000] {logging_mixin.py:188} INFO - [2025-07-09T12:11:36.336+0000] {dag.py:3096} INFO - Sync 1 DAGs
[2025-07-09T12:11:36.371+0000] {logging_mixin.py:188} INFO - [2025-07-09T12:11:36.370+0000] {dag.py:3954} INFO - Setting next_dagrun for etl_migration_pipeline_v2 to 2025-07-04 12:00:00+00:00, run_after=2025-07-11 12:00:00+00:00
[2025-07-09T12:11:36.398+0000] {processor.py:183} INFO - Processing /opt/airflow/dags/etl_migration_dag.py took 0.157 seconds
[2025-07-09T12:12:06.638+0000] {processor.py:161} INFO - Started process (PID=316) to work on /opt/airflow/dags/etl_migration_dag.py
[2025-07-09T12:12:06.641+0000] {processor.py:830} INFO - Processing file /opt/airflow/dags/etl_migration_dag.py for tasks to queue
[2025-07-09T12:12:06.643+0000] {logging_mixin.py:188} INFO - [2025-07-09T12:12:06.642+0000] {dagbag.py:545} INFO - Filling up the DagBag from /opt/airflow/dags/etl_migration_dag.py
[2025-07-09T12:12:06.693+0000] {processor.py:840} INFO - DAG(s) 'etl_migration_pipeline_v2' retrieved from /opt/airflow/dags/etl_migration_dag.py
[2025-07-09T12:12:06.741+0000] {logging_mixin.py:188} INFO - [2025-07-09T12:12:06.740+0000] {dag.py:3096} INFO - Sync 1 DAGs
[2025-07-09T12:12:06.773+0000] {logging_mixin.py:188} INFO - [2025-07-09T12:12:06.772+0000] {dag.py:3954} INFO - Setting next_dagrun for etl_migration_pipeline_v2 to 2025-07-04 12:00:00+00:00, run_after=2025-07-11 12:00:00+00:00
[2025-07-09T12:12:06.801+0000] {processor.py:183} INFO - Processing /opt/airflow/dags/etl_migration_dag.py took 0.174 seconds
[2025-07-09T12:12:37.034+0000] {processor.py:161} INFO - Started process (PID=340) to work on /opt/airflow/dags/etl_migration_dag.py
[2025-07-09T12:12:37.035+0000] {processor.py:830} INFO - Processing file /opt/airflow/dags/etl_migration_dag.py for tasks to queue
[2025-07-09T12:12:37.037+0000] {logging_mixin.py:188} INFO - [2025-07-09T12:12:37.036+0000] {dagbag.py:545} INFO - Filling up the DagBag from /opt/airflow/dags/etl_migration_dag.py
[2025-07-09T12:12:37.072+0000] {processor.py:840} INFO - DAG(s) 'etl_migration_pipeline_v2' retrieved from /opt/airflow/dags/etl_migration_dag.py
[2025-07-09T12:12:37.097+0000] {logging_mixin.py:188} INFO - [2025-07-09T12:12:37.097+0000] {dag.py:3096} INFO - Sync 1 DAGs
[2025-07-09T12:12:37.119+0000] {logging_mixin.py:188} INFO - [2025-07-09T12:12:37.119+0000] {dag.py:3954} INFO - Setting next_dagrun for etl_migration_pipeline_v2 to 2025-07-04 12:00:00+00:00, run_after=2025-07-11 12:00:00+00:00
[2025-07-09T12:12:37.156+0000] {processor.py:183} INFO - Processing /opt/airflow/dags/etl_migration_dag.py took 0.130 seconds
[2025-07-09T12:13:07.439+0000] {processor.py:161} INFO - Started process (PID=345) to work on /opt/airflow/dags/etl_migration_dag.py
[2025-07-09T12:13:07.441+0000] {processor.py:830} INFO - Processing file /opt/airflow/dags/etl_migration_dag.py for tasks to queue
[2025-07-09T12:13:07.443+0000] {logging_mixin.py:188} INFO - [2025-07-09T12:13:07.443+0000] {dagbag.py:545} INFO - Filling up the DagBag from /opt/airflow/dags/etl_migration_dag.py
[2025-07-09T12:13:07.495+0000] {processor.py:840} INFO - DAG(s) 'etl_migration_pipeline_v2' retrieved from /opt/airflow/dags/etl_migration_dag.py
[2025-07-09T12:13:07.539+0000] {logging_mixin.py:188} INFO - [2025-07-09T12:13:07.539+0000] {dag.py:3096} INFO - Sync 1 DAGs
[2025-07-09T12:13:07.571+0000] {logging_mixin.py:188} INFO - [2025-07-09T12:13:07.570+0000] {dag.py:3954} INFO - Setting next_dagrun for etl_migration_pipeline_v2 to 2025-07-04 12:00:00+00:00, run_after=2025-07-11 12:00:00+00:00
[2025-07-09T12:13:07.595+0000] {processor.py:183} INFO - Processing /opt/airflow/dags/etl_migration_dag.py took 0.164 seconds
[2025-07-09T12:13:37.802+0000] {processor.py:161} INFO - Started process (PID=350) to work on /opt/airflow/dags/etl_migration_dag.py
[2025-07-09T12:13:37.804+0000] {processor.py:830} INFO - Processing file /opt/airflow/dags/etl_migration_dag.py for tasks to queue
[2025-07-09T12:13:37.806+0000] {logging_mixin.py:188} INFO - [2025-07-09T12:13:37.806+0000] {dagbag.py:545} INFO - Filling up the DagBag from /opt/airflow/dags/etl_migration_dag.py
[2025-07-09T12:13:37.848+0000] {processor.py:840} INFO - DAG(s) 'etl_migration_pipeline_v2' retrieved from /opt/airflow/dags/etl_migration_dag.py
[2025-07-09T12:13:37.877+0000] {logging_mixin.py:188} INFO - [2025-07-09T12:13:37.876+0000] {dag.py:3096} INFO - Sync 1 DAGs
[2025-07-09T12:13:37.896+0000] {logging_mixin.py:188} INFO - [2025-07-09T12:13:37.896+0000] {dag.py:3954} INFO - Setting next_dagrun for etl_migration_pipeline_v2 to 2025-07-04 12:00:00+00:00, run_after=2025-07-11 12:00:00+00:00
[2025-07-09T12:13:37.931+0000] {processor.py:183} INFO - Processing /opt/airflow/dags/etl_migration_dag.py took 0.134 seconds
